<?xml version="1.0" encoding="UTF-8"?>
<coverage generated="1690815536834" clover="3.2.0">
  <project timestamp="1690815536834" name="All files">
    <metrics statements="3" coveredstatements="3" conditionals="1" coveredconditionals="0" methods="1" coveredmethods="1" elements="5" coveredelements="4" complexity="0" loc="3" ncloc="3" packages="1" files="1" classes="1"/>
    <file name="functions.ts" path="C:\Users\jeffe\OneDrive\Escritorio\BootCamp\Clases en vsc\Week3\src\functions.ts">
      <metrics statements="3" coveredstatements="3" conditionals="1" coveredconditionals="0" methods="1" coveredmethods="1"/>
      <line num="1" count="1" type="cond" truecount="0" falsecount="1"/>
      <line num="2" count="1" type="stmt"/>
      <line num="3" count="1" type="stmt"/>
    </file>
  </project>
</coverage>
