{"C:\\Users\\jeffe\\OneDrive\\Escritorio\\BootCamp\\Clases en vsc\\Week3\\src\\functions.ts": {"path":"C:\\Users\\jeffe\\OneDrive\\Escritorio\\BootCamp\\Clases en vsc\\Week3\\src\\functions.ts","statementMap":{"0":{"start":{"line":1,"column":19},"end":{"line":4,"column":1}},"1":{"start":{"line":2,"column":2},"end":{"line":2,"column":17}},"2":{"start":{"line":3,"column":2},"end":{"line":3,"column":11}},"3":{"start":{"line":1,"column":13},"end":{"line":1,"column":19}}},"fnMap":{"0":{"name":"(anonymous_0)","decl":{"start":{"line":1,"column":19},"end":{"line":1,"column":20}},"loc":{"start":{"line":1,"column":37},"end":{"line":4,"column":1}}}},"branchMap":{"0":{"loc":{"start":{"line":1,"column":20},"end":{"line":1,"column":33}},"type":"default-arg","locations":[{"start":{"line":1,"column":24},"end":{"line":1,"column":33}}]}},"s":{"0":1,"1":1,"2":1,"3":1},"f":{"0":1},"b":{"0":[0]}}
}
